0 info it worked if it ends with ok
1 verbose cli [ '/Users/vvujosevic/.nvm/versions/node/v7.2.0/bin/node',
1 verbose cli   '/Users/vvujosevic/.nvm/versions/node/v7.2.0/bin/npm',
1 verbose cli   'start' ]
2 info using npm@3.10.9
3 info using node@v7.2.0
4 verbose run-script [ 'prestart', 'start', 'poststart' ]
5 info lifecycle phaser-es2015@1.0.0~prestart: phaser-es2015@1.0.0
6 silly lifecycle phaser-es2015@1.0.0~prestart: no script for prestart, continuing
7 info lifecycle phaser-es2015@1.0.0~start: phaser-es2015@1.0.0
8 verbose lifecycle phaser-es2015@1.0.0~start: unsafe-perm in lifecycle true
9 verbose lifecycle phaser-es2015@1.0.0~start: PATH: /Users/vvujosevic/.nvm/versions/node/v7.2.0/lib/node_modules/npm/bin/node-gyp-bin:/Users/vvujosevic/Projects/Wol/cloud_platformer/node_modules/.bin:/Users/vvujosevic/.nvm/versions/node/v7.2.0/bin:/usr/local/bin:/usr/bin:/bin:/usr/sbin:/sbin
10 verbose lifecycle phaser-es2015@1.0.0~start: CWD: /Users/vvujosevic/Projects/Wol/cloud_platformer
11 silly lifecycle phaser-es2015@1.0.0~start: Args: [ '-c', 'http-server -o -c-1' ]
12 silly lifecycle phaser-es2015@1.0.0~start: Returned: code: 1  signal: null
13 info lifecycle phaser-es2015@1.0.0~start: Failed to exec start script
14 verbose stack Error: phaser-es2015@1.0.0 start: `http-server -o -c-1`
14 verbose stack Exit status 1
14 verbose stack     at EventEmitter.<anonymous> (/Users/vvujosevic/.nvm/versions/node/v7.2.0/lib/node_modules/npm/lib/utils/lifecycle.js:255:16)
14 verbose stack     at emitTwo (events.js:106:13)
14 verbose stack     at EventEmitter.emit (events.js:191:7)
14 verbose stack     at ChildProcess.<anonymous> (/Users/vvujosevic/.nvm/versions/node/v7.2.0/lib/node_modules/npm/lib/utils/spawn.js:40:14)
14 verbose stack     at emitTwo (events.js:106:13)
14 verbose stack     at ChildProcess.emit (events.js:191:7)
14 verbose stack     at maybeClose (internal/child_process.js:885:16)
14 verbose stack     at Process.ChildProcess._handle.onexit (internal/child_process.js:226:5)
15 verbose pkgid phaser-es2015@1.0.0
16 verbose cwd /Users/vvujosevic/Projects/Wol/cloud_platformer
17 error Darwin 16.4.0
18 error argv "/Users/vvujosevic/.nvm/versions/node/v7.2.0/bin/node" "/Users/vvujosevic/.nvm/versions/node/v7.2.0/bin/npm" "start"
19 error node v7.2.0
20 error npm  v3.10.9
21 error code ELIFECYCLE
22 error phaser-es2015@1.0.0 start: `http-server -o -c-1`
22 error Exit status 1
23 error Failed at the phaser-es2015@1.0.0 start script 'http-server -o -c-1'.
23 error Make sure you have the latest version of node.js and npm installed.
23 error If you do, this is most likely a problem with the phaser-es2015 package,
23 error not with npm itself.
23 error Tell the author that this fails on your system:
23 error     http-server -o -c-1
23 error You can get information on how to open an issue for this project with:
23 error     npm bugs phaser-es2015
23 error Or if that isn't available, you can get their info via:
23 error     npm owner ls phaser-es2015
23 error There is likely additional logging output above.
24 verbose exit [ 1, true ]
